<?xml version="1.0" encoding="UTF-8"?>
<!-- Generated by org.testng.reporters.JUnitXMLReporter -->
<testsuite hostname="DESKTOP-ACURQ7O" ignored="0" tests="27" failures="0" timestamp="12 июн 2017 14:00:40 GMT" time="284.457" errors="0">
  <testcase name="checkCreationQueue" time="25.188" classname="TestAdmin"/>
  <testcase name="checkRecipient" time="5.306" classname="TestAdmin"/>
  <testcase name="checkChangeQueueAndHistory" time="4.255" classname="TestAdmin"/>
  <testcase name="checkChangeStatusAndUnavailableForm" time="3.898" classname="TestAdmin"/>
  <testcase name="checkDeletingQueue" time="9.411" classname="TestAdmin"/>
  <testcase name="checkCancelQueue" time="17.826" classname="TestAdmin"/>
  <testcase name="checkExportExcelButton" time="0.067" classname="TestAdmin"/>
  <testcase name="checkFilter" time="16.256" classname="TestAdmin"/>
  <testcase name="checkSortingInt" time="13.168" classname="TestAdmin"/>
  <testcase name="checkSortingString" time="11.809" classname="TestAdmin"/>
  <testcase name="checkDisplayedAddButtonUser" time="14.515" classname="TestUser"/>
  <testcase name="checkDisplayedExportExcelButtonUser" time="0.074" classname="TestUser"/>
  <testcase name="checkFilterUser" time="11.926" classname="TestUser"/>
  <testcase name="checkHistoryUser" time="5.793" classname="TestUser"/>
  <testcase name="checkSortingIntUser" time="11.928" classname="TestUser"/>
  <testcase name="checkSortingStringUser" time="8.763" classname="TestUser"/>
  <testcase name="checkDisplayedAddingButtonUser" time="3.05" classname="TestUser"/>
  <testcase name="checkEnabledAllFieldsForChangingUser" time="8.474" classname="TestUser"/>
  <testcase name="checkDisplayedAddButtonOperator" time="9.975" classname="TestOperator"/>
  <testcase name="checkExportExcelButtonOperator" time="0.041" classname="TestOperator"/>
  <testcase name="checkEnabledAllFieldsForChangingOperator" time="10.245" classname="TestOperator"/>
  <testcase name="checkCreationQueueOperator" time="12.521" classname="TestOperator"/>
  <testcase name="checkRecipientOperator" time="5.219" classname="TestOperator"/>
  <testcase name="checkChangeQueueAndHistoryOperator" time="4.079" classname="TestOperator"/>
  <testcase name="checkChangeStatusAndUnavailableFormOperator" time="3.497" classname="TestOperator"/>
  <testcase name="checkDeletingQueueOperator" time="10.367" classname="TestOperator"/>
  <testcase name="checkDeletingQueueWhichCreatedByOperator" time="32.315" classname="TestAdminDeletingCreationQueue"/>
</testsuite>
