<?xml version="1.0" encoding="UTF-8"?>
<testsuite xmlns:xsi="http://www.w3.org/2001/XMLSchema-instance" xsi:schemaLocation="https://maven.apache.org/surefire/maven-surefire-plugin/xsd/surefire-test-report.xsd" name="TestSuite" time="285.061" tests="27" errors="0" skipped="0" failures="0">
  <properties>
[...]
</properties>
  <testcase name="checkCreationQueue" classname="TestAdmin" time="25.187"/>
  <testcase name="checkRecipient" classname="TestAdmin" time="5.306"/>
  <testcase name="checkChangeQueueAndHistory" classname="TestAdmin" time="4.257"/>
  <testcase name="checkChangeStatusAndUnavailableForm" classname="TestAdmin" time="3.898"/>
  <testcase name="checkDeletingQueue" classname="TestAdmin" time="9.412"/>
  <testcase name="checkCancelQueue" classname="TestAdmin" time="17.828"/>
  <testcase name="checkExportExcelButton" classname="TestAdmin" time="0.066"/>
  <testcase name="checkFilter" classname="TestAdmin" time="16.256"/>
  <testcase name="checkSortingInt" classname="TestAdmin" time="13.168"/>
  <testcase name="checkSortingString" classname="TestAdmin" time="11.81"/>
  <testcase name="checkDisplayedAddButtonUser" classname="TestUser" time="14.513"/>
  <testcase name="checkDisplayedExportExcelButtonUser" classname="TestUser" time="0.075"/>
  <testcase name="checkFilterUser" classname="TestUser" time="11.925"/>
  <testcase name="checkHistoryUser" classname="TestUser" time="5.793"/>
  <testcase name="checkSortingIntUser" classname="TestUser" time="11.928"/>
  <testcase name="checkSortingStringUser" classname="TestUser" time="8.763"/>
  <testcase name="checkDisplayedAddingButtonUser" classname="TestUser" time="3.05"/>
  <testcase name="checkEnabledAllFieldsForChangingUser" classname="TestUser" time="8.475"/>
  <testcase name="checkDisplayedAddButtonOperator" classname="TestOperator" time="9.975"/>
  <testcase name="checkExportExcelButtonOperator" classname="TestOperator" time="0.04"/>
  <testcase name="checkEnabledAllFieldsForChangingOperator" classname="TestOperator" time="10.245"/>
  <testcase name="checkCreationQueueOperator" classname="TestOperator" time="12.522"/>
  <testcase name="checkRecipientOperator" classname="TestOperator" time="5.22"/>
  <testcase name="checkChangeQueueAndHistoryOperator" classname="TestOperator" time="4.08"/>
  <testcase name="checkChangeStatusAndUnavailableFormOperator" classname="TestOperator" time="3.497"/>
  <testcase name="checkDeletingQueueOperator" classname="TestOperator" time="10.366"/>
  <testcase name="checkDeletingQueueWhichCreatedByOperator" classname="TestAdminDeletingCreationQueue" time="32.315"/>
</testsuite>